Apr 30 18:48 : exception: Failed to open '/home/zcz/.mpd/mpdstate': No such file or directory
Apr 30 18:48 : config: option 'device' on line 13 was not recognized
Apr 30 19:02 : update: added /FIFTY FIFTY - Cupid.mp3
Apr 30 19:02 : update: added /JENNIE - You & Me (Coachella ver.).mp3
Apr 30 19:02 : update: added /BLACKPINK - Hard to Love.mp3
Apr 30 19:02 : update: added /ZICO, JENNIE - SPOT!.mp3
Apr 30 19:02 : update: added /NewJeans - Supernatural.mp3
Apr 30 19:02 : update: added /BLACKPINK - Crazy Over You.mp3
Apr 30 19:02 : update: added /IU - LILAC.mp3
Apr 30 19:02 : update: added /XG - LEFT RIGHT.mp3
Apr 30 19:02 : update: added /IVE - I AM.mp3
Apr 30 19:02 : update: added /aespa - Better Things.mp3
Apr 30 19:02 : update: added /BLACKPINK - BOOMBAYAH.mp3
Apr 30 19:02 : update: added /BLACKPINK - Pink Venom.mp3
Apr 30 19:02 : update: added /aespa - Hold On Tight.mp3
Apr 30 19:02 : update: added /aespa - Spicy.mp3
Apr 30 19:02 : update: added /LISA - MONEY.mp3
Apr 30 19:02 : update: added /LE SSERAFIM - ANTIFRAGILE.mp3
Apr 30 19:02 : update: added /NewJeans - Cookie.mp3
Apr 30 19:02 : update: added /Jung Kook, Jack Harlow - 3D (feat. Jack Harlow).mp3
Apr 30 19:02 : update: added /(G)I-DLE - Queencard.mp3
Apr 30 19:02 : update: added /BLACKPINK - Typa Girl.mp3
Apr 30 19:02 : update: added /NewJeans - Zero.mp3
Apr 30 19:02 : update: added /NewJeans - OMG.mp3
Apr 30 19:02 : update: added /ROSÉ - Gone.mp3
Apr 30 19:02 : update: added /NewJeans - Right Now.mp3
Apr 30 19:02 : update: added /Red Velvet - Peek-A-Boo.mp3
Apr 30 19:02 : update: added /(G)I-DLE - Fate.mp3
Apr 30 19:02 : update: added /aespa - Live My Life.mp3
Apr 30 19:02 : update: added /IVE - After LIKE.mp3
Apr 30 19:02 : update: added /BIBI - BIBI Vengeance.mp3
Apr 30 19:02 : update: added /BLACKPINK - Shut Down.mp3
Apr 30 19:02 : update: added /IVE - Kitsch.mp3
Apr 30 19:02 : update: added /LE SSERAFIM - Impurities.mp3
Apr 30 19:02 : update: added /LE SSERAFIM - Swan Song.mp3
Apr 30 19:02 : update: added /LE SSERAFIM - Blue Flame (2023 Ver.).mp3
Apr 30 19:02 : update: added /Stray Kids - Chk Chk Boom.mp3
Apr 30 19:02 : update: added /LE SSERAFIM - Perfect Night.mp3
Apr 30 19:02 : update: added /BLACKPINK - How You Like That.mp3
Apr 30 19:02 : update: added /LE SSERAFIM - Good Parts (when the quality is bad but I am).mp3
Apr 30 19:02 : update: added /IVE - LOVE DIVE.mp3
Apr 30 19:02 : update: updating /BLACKPINK - Crazy Over You.mp3
Apr 30 19:02 : update: added /IVE - ELEVEN.mp3
Apr 30 19:02 : update: added /(G)I-DLE - TOMBOY.mp3
Apr 30 19:02 : update: updating /IVE - ELEVEN.mp3
Apr 30 19:02 : update: added /FIFTY FIFTY - Cupid - Twin Ver..mp3
Apr 30 19:02 : update: added /aespa - Licorice.mp3
Apr 30 19:03 : update: added /LE SSERAFIM - Smart.mp3
Apr 30 19:03 : update: added /IU - Love wins all.mp3
Apr 30 19:03 : update: added /NAYEON - ABCD.mp3
Apr 30 19:03 : update: added /LE SSERAFIM - No Celestial.mp3
Apr 30 19:03 : update: added /BABYMONSTER - LIKE THAT.mp3
Apr 30 19:03 : update: added /NewJeans - Bubble Gum.mp3
Apr 30 19:03 : update: added /aespa - Dreams Come True.mp3
Apr 30 19:03 : update: added /NewJeans - ETA.mp3
Apr 30 19:03 : update: added /LE SSERAFIM, Nile Rodgers - UNFORGIVEN (feat. Nile Rodgers).mp3
Apr 30 19:03 : update: updating /IU - Love wins all.mp3
Apr 30 19:03 : update: added /IU, SUGA - eight(Prod.&Feat. SUGA of BTS).mp3
Apr 30 19:03 : update: added /Agust D, IU - People Pt.2 (feat. IU).mp3
Apr 30 19:03 : update: added /aespa - Savage.mp3
Apr 30 19:03 : update: added /IU - Celebrity.mp3
Apr 30 19:04 : update: added /GFRIEND - MAGO.mp3
Apr 30 19:04 : update: added /aespa - aenergy.mp3
Apr 30 19:04 : update: added /LE SSERAFIM - CRAZY.mp3
Apr 30 19:04 : update: added /KATSEYE - Touch.mp3
Apr 30 19:04 : update: added /NMIXX - See that.mp3
Apr 30 19:04 : update: added /NewJeans - New Jeans.mp3
Apr 30 19:04 : update: added /BABYMONSTER - Stuck In The Middle.mp3
Apr 30 19:04 : update: added /Red Velvet - Queendom.mp3
Apr 30 19:04 : update: added /BABYMONSTER - BATTER UP.mp3
Apr 30 19:04 : update: added /BLACKPINK - Pretty Savage.mp3
Apr 30 19:04 : update: added /LISA, ROSALÍA - New Woman (feat. ROSALÍA).mp3
Apr 30 19:04 : update: added /IU - BBIBBI.mp3
Apr 30 19:04 : update: added /KISS OF LIFE - Nobody Knows.mp3
Apr 30 19:04 : update: added /IU - Holssi.mp3
Apr 30 19:04 : update: added /(G)I-DLE - Super Lady.mp3
Apr 30 19:04 : update: added /IVE - Accendio.mp3
Apr 30 19:04 : update: added /NMIXX - O.O.mp3
Apr 30 19:04 : update: added /JISOO - FLOWER.mp3
Apr 30 19:04 : update: added /IU - Blueming.mp3
Apr 30 19:04 : update: updating /aespa - Savage.mp3
Apr 30 19:04 : update: added /KISS OF LIFE - Sticky.mp3
Apr 30 19:04 : update: added /Jung Kook, Latto - Seven (feat. Latto) (Explicit Ver.).mp3
Apr 30 19:04 : update: updating /aespa - aenergy.mp3
Apr 30 19:09 : update: added /JISOO - earthquake.mp3
Apr 30 19:09 : update: added /IU, OHHYUK - Can't Love You Anymore (With OHHYUK).mp3
Apr 30 19:09 : update: added /LE SSERAFIM - Sour Grapes.mp3
Apr 30 19:09 : update: added /ILLIT - Midnight Fiction.mp3
Apr 30 19:09 : update: added /ILLIT - Magnetic.mp3
Apr 30 19:09 : update: added /IU, G-DRAGON - Palette (feat. G-DRAGON).mp3
Apr 30 19:09 : update: added /BABYMONSTER - SHEESH.mp3
Apr 30 19:09 : update: added /tripleS - Girls Never Die.mp3
Apr 30 19:09 : update: added /NewJeans - ASAP.mp3
Apr 30 19:09 : update: added /IVE - Baddie.mp3
Apr 30 19:09 : update: added /ILLIT - IYKYK (If You Know You Know).mp3
Apr 30 19:09 : update: added /LISA - LALISA.mp3
Apr 30 19:09 : update: added /aespa - Drama.mp3
Apr 30 19:09 : update: added /aespa - Pink Hoodie.mp3
Apr 30 19:09 : update: added /BABYMONSTER - DRIP.mp3
Apr 30 19:09 : update: added /BIBI - Bam Yang Gang.mp3
Apr 30 19:09 : update: added /Red Velvet - Cosmic.mp3
Apr 30 19:09 : update: added /NMIXX - DASH.mp3
Apr 30 19:09 : update: added /ILLIT - I'll Like You.mp3
Apr 30 19:09 : update: added /(G)I-DLE - MY BAG.mp3
Apr 30 19:09 : update: added /LE SSERAFIM - EASY.mp3
Apr 30 19:09 : update: added /NAYEON - POP!.mp3
Apr 30 19:09 : update: added /LE SSERAFIM - FEARLESS (2023 Ver.).mp3
Apr 30 19:09 : update: added /NewJeans - Attention.mp3
Apr 30 19:09 : update: added /(G)I-DLE - HWAA.mp3
Apr 30 19:09 : update: added /NMIXX - Love Me Like This.mp3
Apr 30 19:09 : update: added /ILLIT - Lucky Girl Syndrome.mp3
Apr 30 19:09 : update: added /tripleS - Generation.mp3
Apr 30 19:09 : update: added /ILLIT - Cherish (My Love).mp3
Apr 30 19:09 : update: added /aespa - Supernova.mp3
Apr 30 19:09 : update: added /(G)I-DLE - Wife.mp3
Apr 30 19:09 : update: added /LE SSERAFIM - Eve, Psyche & The Bluebeard’s wife.mp3
Apr 30 19:09 : update: added /NewJeans - Hype Boy.mp3
Apr 30 19:09 : update: added /aespa - Armageddon.mp3
Apr 30 19:09 : update: added /IU - strawberry moon.mp3
Apr 30 19:09 : update: added /NewJeans - Super Shy.mp3
Apr 30 19:09 : update: added /KISS OF LIFE - Midas Touch.mp3
Apr 30 19:09 : update: added /KISS OF LIFE - Igloo.mp3
Apr 30 19:09 : update: added /BIBI - KAZINO.mp3
Apr 30 19:09 : update: added /NewJeans - Ditto.mp3
Apr 30 19:09 : update: added /XG - GRL GVNG.mp3
Apr 30 19:09 : update: added /(G)I-DLE - I Want That.mp3
Apr 30 19:09 : update: added /NMIXX - DICE.mp3
Apr 30 19:09 : update: added /KISS OF LIFE - Sugarcoat (NATTY Solo).mp3
Apr 30 19:09 : update: added /KISS OF LIFE - Te Quiero.mp3
Apr 30 19:09 : update: added /LISA - Rockstar.mp3
Apr 30 19:09 : update: added /BABYMONSTER - FOREVER.mp3
Apr 30 19:09 : update: added /NewJeans - Hurt.mp3
Apr 30 19:09 : update: added /aespa - Next Level.mp3
Apr 30 19:09 : update: added /ILLIT - Tick-Tack.mp3
Apr 30 19:09 : update: added /Red Velvet - Psycho.mp3
Apr 30 19:09 : update: added /NewJeans - How Sweet.mp3
Apr 30 19:09 : update: added /Red Velvet - Feel My Rhythm.mp3
Apr 30 19:09 : update: added /(G)I-DLE - Klaxon.mp3
Apr 30 19:09 : update: added /aespa - Whiplash.mp3
Apr 30 19:09 : update: added /aespa - Black Mamba.mp3
Apr 30 19:09 : update: added /KISS OF LIFE - Shhh.mp3
Apr 30 19:09 : update: added /LE SSERAFIM - 1-800-hot-n-fun.mp3
Apr 30 19:09 : update: added /IVE - 해야 (HEYA).mp3
Apr 30 19:09 : update: added /IZONE - FIESTA.mp3
Apr 30 19:09 : update: added /ILLIT - Almond Chocolate.mp3
Apr 30 19:09 : update: added /IU - Shopper.mp3
Apr 30 19:09 : update: added /KISS OF LIFE - Bad News.mp3
Apr 30 19:09 : update: added /IVE - REBEL HEART.mp3
Apr 30 19:10 : update: added /ROSÉ, Bruno Mars - APT..mp3
Apr 30 19:10 : update: added /G-DRAGON, TAEYANG, DAESUNG - HOME SWEET HOME (feat. TAEYANG & DAESUNG).mp3
Apr 30 19:10 : update: added /G-DRAGON - POWER.mp3
Apr 30 19:10 : update: added /JEON SOMI - DUMB DUMB.mp3
Apr 30 19:10 : update: added /JENNIE - like JENNIE.mp3
Apr 30 19:10 : update: added /ITZY - WANNABE.mp3
Apr 30 19:10 : update: updating /IVE - REBEL HEART.mp3
Apr 30 19:10 : update: added /ITZY - CAKE.mp3
Apr 30 19:10 : update: added /(G)I-DLE - Nxde.mp3
Apr 30 19:11 : exception: Failed to open '/home/zcz/.mpd/mpdstate': No such file or directory
Apr 30 19:11 : config: option 'device' on line 13 was not recognized
Apr 30 19:12 : exception: Failed to open '/home/zcz/.mpd/mpdstate': No such file or directory
Apr 30 19:12 : config: option 'device' on line 13 was not recognized
Apr 30 19:39 : exception: Failed to open /home/zcz/.mpd/playlists: No such file or directory
Apr 30 19:39 : exception: Failed to open /home/zcz/.mpd/playlists: No such file or directory
Apr 30 19:39 : exception: Failed to open /home/zcz/.mpd/playlists: No such file or directory
Apr 30 19:39 : exception: Failed to open /home/zcz/.mpd/playlists: No such file or directory
Apr 30 19:39 : exception: Failed to open /home/zcz/.mpd/playlists: No such file or directory
Apr 30 19:39 : exception: Failed to open /home/zcz/.mpd/playlists: No such file or directory
Apr 30 19:41 : exception: Failed to open /home/zcz/.mpd/playlists: No such file or directory
Apr 30 19:41 : exception: Failed to open /home/zcz/.mpd/playlists: No such file or directory
Apr 30 19:41 : exception: Failed to open /home/zcz/.mpd/playlists: No such file or directory
Apr 30 19:41 : exception: Failed to open /home/zcz/.mpd/playlists: No such file or directory
Apr 30 19:41 : exception: Failed to open /home/zcz/.mpd/playlists: No such file or directory
Apr 30 19:41 : exception: Failed to open /home/zcz/.mpd/playlists: No such file or directory
Apr 30 19:41 : exception: Failed to open /home/zcz/.mpd/playlists: No such file or directory
Apr 30 19:41 : exception: Failed to open /home/zcz/.mpd/playlists: No such file or directory
Apr 30 19:41 : exception: Failed to open /home/zcz/.mpd/playlists: No such file or directory
Apr 30 19:41 : exception: Failed to open /home/zcz/.mpd/playlists: No such file or directory
Apr 30 19:41 : exception: Failed to open /home/zcz/.mpd/playlists: No such file or directory
Apr 30 19:41 : exception: Failed to open /home/zcz/.mpd/playlists: No such file or directory
Apr 30 19:41 : exception: Failed to open /home/zcz/.mpd/playlists: No such file or directory
Apr 30 19:41 : exception: Failed to open /home/zcz/.mpd/playlists: No such file or directory
Apr 30 19:41 : exception: Failed to open /home/zcz/.mpd/playlists: No such file or directory
Apr 30 19:41 : exception: Failed to open /home/zcz/.mpd/playlists: No such file or directory
Apr 30 19:41 : exception: Failed to open /home/zcz/.mpd/playlists: No such file or directory
Apr 30 19:41 : exception: Failed to open /home/zcz/.mpd/playlists: No such file or directory
Apr 30 19:41 : exception: Failed to create /home/zcz/.mpd/mpdstate: No such file or directory
Apr 30 19:41 : player: played "(G)I-DLE - Wife.mp3"
Apr 30 19:42 : exception: Failed to open /home/zcz/.mpd/playlists: No such file or directory
Apr 30 19:42 : exception: Failed to open /home/zcz/.mpd/playlists: No such file or directory
Apr 30 19:42 : exception: Failed to open /home/zcz/.mpd/playlists: No such file or directory
Apr 30 19:42 : exception: Failed to open /home/zcz/.mpd/playlists: No such file or directory
Apr 30 19:42 : exception: Failed to open /home/zcz/.mpd/playlists: No such file or directory
Apr 30 19:42 : exception: Failed to open /home/zcz/.mpd/playlists: No such file or directory
Apr 30 19:42 : exception: Failed to open /home/zcz/.mpd/playlists: No such file or directory
Apr 30 19:42 : exception: Failed to open /home/zcz/.mpd/playlists: No such file or directory
Apr 30 19:43 : exception: Failed to create /home/zcz/.mpd/mpdstate: No such file or directory
Apr 30 19:44 : exception: Failed to open /home/zcz/.mpd/playlists: No such file or directory
Apr 30 19:44 : exception: Failed to open /home/zcz/.mpd/playlists: No such file or directory
Apr 30 19:44 : exception: Failed to open /home/zcz/.mpd/playlists: No such file or directory
Apr 30 19:44 : exception: Failed to open /home/zcz/.mpd/playlists: No such file or directory
Apr 30 19:44 : exception: Failed to open /home/zcz/.mpd/playlists: No such file or directory
Apr 30 19:44 : exception: Failed to open /home/zcz/.mpd/playlists: No such file or directory
Apr 30 19:44 : exception: Failed to open /home/zcz/.mpd/playlists: No such file or directory
Apr 30 19:45 : exception: Failed to open /home/zcz/.mpd/playlists: No such file or directory
Apr 30 19:45 : exception: Failed to open /home/zcz/.mpd/playlists: No such file or directory
Apr 30 19:45 : exception: Failed to open /home/zcz/.mpd/playlists: No such file or directory
Apr 30 19:45 : exception: Failed to open /home/zcz/.mpd/playlists: No such file or directory
Apr 30 19:45 : exception: Failed to open /home/zcz/.mpd/playlists: No such file or directory
Apr 30 19:45 : exception: Failed to open /home/zcz/.mpd/playlists: No such file or directory
Apr 30 19:45 : exception: Failed to open /home/zcz/.mpd/playlists: No such file or directory
Apr 30 19:45 : exception: Failed to open /home/zcz/.mpd/playlists: No such file or directory
Apr 30 19:45 : exception: Failed to open /home/zcz/.mpd/playlists: No such file or directory
Apr 30 19:45 : exception: Failed to open /home/zcz/.mpd/playlists: No such file or directory
Apr 30 19:46 : exception: Failed to create /home/zcz/.mpd/mpdstate: No such file or directory
Apr 30 19:51 : exception: Failed to open /home/zcz/.mpd/playlists: No such file or directory
Apr 30 19:52 : exception: Failed to open /home/zcz/.mpd/playlists: No such file or directory
Apr 30 19:52 : exception: Failed to open /home/zcz/.mpd/playlists: No such file or directory
Apr 30 19:52 : exception: Failed to open /home/zcz/.mpd/playlists: No such file or directory
Apr 30 19:52 : exception: Failed to open /home/zcz/.mpd/playlists: No such file or directory
Apr 30 19:52 : exception: Failed to open /home/zcz/.mpd/playlists: No such file or directory
Apr 30 19:52 : exception: Failed to open /home/zcz/.mpd/playlists: No such file or directory
Apr 30 19:52 : exception: Failed to open /home/zcz/.mpd/playlists: No such file or directory
Apr 30 19:52 : exception: Failed to open /home/zcz/.mpd/playlists: No such file or directory
Apr 30 19:52 : exception: Failed to open /home/zcz/.mpd/playlists: No such file or directory
Apr 30 19:52 : exception: Failed to open /home/zcz/.mpd/playlists: No such file or directory
Apr 30 19:52 : exception: Failed to open /home/zcz/.mpd/playlists: No such file or directory
Apr 30 19:52 : exception: Failed to open /home/zcz/.mpd/playlists: No such file or directory
Apr 30 19:52 : exception: Failed to open /home/zcz/.mpd/playlists: No such file or directory
Apr 30 19:52 : exception: Failed to open /home/zcz/.mpd/playlists: No such file or directory
Apr 30 19:53 : exception: Failed to open /home/zcz/.mpd/playlists: No such file or directory
Apr 30 19:53 : player: played "Red Velvet - Feel My Rhythm.mp3"
Apr 30 19:53 : exception: Failed to open /home/zcz/.mpd/playlists: No such file or directory
Apr 30 19:53 : exception: Failed to create /home/zcz/.mpd/mpdstate: No such file or directory
Apr 30 19:55 : player: played "BLACKPINK - Hard to Love.mp3"
Apr 30 19:55 : exception: Failed to create /home/zcz/.mpd/mpdstate: No such file or directory
Apr 30 19:57 : exception: Failed to create /home/zcz/.mpd/mpdstate: No such file or directory
Apr 30 19:58 : player: played "aespa - Armageddon.mp3"
Apr 30 20:00 : exception: Failed to open /home/zcz/.mpd/playlists: No such file or directory
Apr 30 20:00 : exception: Failed to create /home/zcz/.mpd/mpdstate: No such file or directory
Apr 30 20:03 : player: played "ZICO, JENNIE - SPOT!.mp3"
Apr 30 20:05 : exception: Failed to create /home/zcz/.mpd/mpdstate: No such file or directory
Apr 30 20:05 : exception: Failed to open /home/zcz/.mpd/playlists: No such file or directory
Apr 30 20:05 : exception: Failed to open /home/zcz/.mpd/playlists: No such file or directory
Apr 30 20:05 : exception: Failed to open /home/zcz/.mpd/playlists: No such file or directory
Apr 30 20:05 : exception: Failed to open /home/zcz/.mpd/playlists: No such file or directory
Apr 30 20:05 : exception: Failed to open /home/zcz/.mpd/playlists: No such file or directory
Apr 30 20:05 : exception: Failed to open /home/zcz/.mpd/playlists: No such file or directory
Apr 30 20:05 : exception: Failed to open /home/zcz/.mpd/playlists: No such file or directory
Apr 30 20:05 : exception: Failed to open /home/zcz/.mpd/playlists: No such file or directory
Apr 30 20:05 : exception: Failed to open /home/zcz/.mpd/playlists: No such file or directory
Apr 30 20:05 : exception: Failed to open /home/zcz/.mpd/playlists: No such file or directory
Apr 30 20:05 : exception: Failed to open /home/zcz/.mpd/playlists: No such file or directory
Apr 30 20:05 : player: played "NMIXX - DASH.mp3"
Apr 30 20:07 : exception: Failed to create /home/zcz/.mpd/mpdstate: No such file or directory
Apr 30 20:09 : player: played "G-DRAGON, TAEYANG, DAESUNG - HOME SWEET HOME (feat. TAEYANG & DAESUNG).mp3"
Apr 30 20:11 : exception: Failed to create /home/zcz/.mpd/mpdstate: No such file or directory
Apr 30 20:12 : player: played "IVE - Baddie.mp3"
Apr 30 20:14 : exception: Failed to create /home/zcz/.mpd/mpdstate: No such file or directory
Apr 30 20:15 : player: played "IU, OHHYUK - Can't Love You Anymore (With OHHYUK).mp3"
Apr 30 20:15 : exception: Failed to create /home/zcz/.mpd/mpdstate: No such file or directory
Apr 30 20:15 : player: played "aespa - Licorice.mp3"
May 01 10:08 : exception: Failed to open '/home/zcz/.config/mpd/mpdstate': No such file or directory
May 01 10:08 : config: option 'device' on line 12 was not recognized
May 01 10:08 : update: added /FIFTY FIFTY - Cupid.mp3
May 01 10:08 : update: added /GFRIEND - MAGO.mp3
May 01 10:08 : update: added /aespa - aenergy.mp3
May 01 10:08 : update: added /JISOO - earthquake.mp3
May 01 10:08 : update: added /IU, OHHYUK - Can't Love You Anymore (With OHHYUK).mp3
May 01 10:08 : update: added /JENNIE - You & Me (Coachella ver.).mp3
May 01 10:08 : update: added /LE SSERAFIM - Sour Grapes.mp3
May 01 10:08 : update: added /ILLIT - Midnight Fiction.mp3
May 01 10:08 : update: added /ILLIT - Magnetic.mp3
May 01 10:08 : update: added /IU, G-DRAGON - Palette (feat. G-DRAGON).mp3
May 01 10:08 : update: added /BLACKPINK - Hard to Love.mp3
May 01 10:08 : update: added /BABYMONSTER - SHEESH.mp3
May 01 10:08 : update: added /ZICO, JENNIE - SPOT!.mp3
May 01 10:08 : update: added /ROSÉ, Bruno Mars - APT..mp3
May 01 10:08 : update: added /tripleS - Girls Never Die.mp3
May 01 10:08 : update: added /LE SSERAFIM - CRAZY.mp3
May 01 10:08 : update: added /NewJeans - ASAP.mp3
May 01 10:08 : update: added /NewJeans - Supernatural.mp3
May 01 10:08 : update: added /BLACKPINK - Crazy Over You.mp3
May 01 10:08 : update: added /IU - LILAC.mp3
May 01 10:08 : update: added /KATSEYE - Touch.mp3
May 01 10:08 : update: added /NMIXX - See that.mp3
May 01 10:08 : update: added /IVE - Baddie.mp3
May 01 10:08 : update: added /ILLIT - IYKYK (If You Know You Know).mp3
May 01 10:08 : update: added /G-DRAGON, TAEYANG, DAESUNG - HOME SWEET HOME (feat. TAEYANG & DAESUNG).mp3
May 01 10:08 : update: added /XG - LEFT RIGHT.mp3
May 01 10:08 : update: added /LISA - LALISA.mp3
May 01 10:08 : update: added /IVE - I AM.mp3
May 01 10:08 : update: added /aespa - Drama.mp3
May 01 10:08 : update: added /aespa - Better Things.mp3
May 01 10:08 : update: added /aespa - Pink Hoodie.mp3
May 01 10:08 : update: added /LE SSERAFIM - Smart.mp3
May 01 10:08 : update: added /NewJeans - New Jeans.mp3
May 01 10:08 : update: added /BABYMONSTER - Stuck In The Middle.mp3
May 01 10:08 : update: added /Red Velvet - Queendom.mp3
May 01 10:08 : update: added /BABYMONSTER - DRIP.mp3
May 01 10:08 : update: added /BIBI - Bam Yang Gang.mp3
May 01 10:08 : update: added /BLACKPINK - BOOMBAYAH.mp3
May 01 10:08 : update: added /BLACKPINK - Pink Venom.mp3
May 01 10:08 : update: added /Red Velvet - Cosmic.mp3
May 01 10:08 : update: added /aespa - Hold On Tight.mp3
May 01 10:08 : update: added /IU - Love wins all.mp3
May 01 10:08 : update: added /BABYMONSTER - BATTER UP.mp3
May 01 10:08 : update: added /aespa - Spicy.mp3
May 01 10:08 : update: added /G-DRAGON - POWER.mp3
May 01 10:08 : update: added /BLACKPINK - Pretty Savage.mp3
May 01 10:08 : update: added /LISA - MONEY.mp3
May 01 10:08 : update: added /LE SSERAFIM - ANTIFRAGILE.mp3
May 01 10:08 : update: added /NewJeans - Cookie.mp3
May 01 10:08 : update: added /NMIXX - DASH.mp3
May 01 10:08 : update: added /Jung Kook, Jack Harlow - 3D (feat. Jack Harlow).mp3
May 01 10:08 : update: added /ILLIT - I'll Like You.mp3
May 01 10:08 : update: added /(G)I-DLE - MY BAG.mp3
May 01 10:08 : update: added /NAYEON - ABCD.mp3
May 01 10:08 : update: added /LE SSERAFIM - EASY.mp3
May 01 10:08 : update: added /(G)I-DLE - Queencard.mp3
May 01 10:08 : update: added /JEON SOMI - DUMB DUMB.mp3
May 01 10:08 : update: added /BLACKPINK - Typa Girl.mp3
May 01 10:08 : update: added /NewJeans - Zero.mp3
May 01 10:08 : update: added /NAYEON - POP!.mp3
May 01 10:08 : update: added /NewJeans - OMG.mp3
May 01 10:08 : update: added /ROSÉ - Gone.mp3
May 01 10:08 : update: added /LE SSERAFIM - FEARLESS (2023 Ver.).mp3
May 01 10:08 : update: added /LISA, ROSALÍA - New Woman (feat. ROSALÍA).mp3
May 01 10:08 : update: added /JENNIE - like JENNIE.mp3
May 01 10:08 : update: added /NewJeans - Right Now.mp3
May 01 10:08 : update: added /ITZY - WANNABE.mp3
May 01 10:08 : update: added /LE SSERAFIM - 1-800-hot-n-fun.mp3
May 01 10:08 : update: added /IU - BBIBBI.mp3
May 01 10:08 : update: added /Red Velvet - Peek-A-Boo.mp3
May 01 10:08 : update: added /(G)I-DLE - Fate.mp3
May 01 10:08 : update: added /KISS OF LIFE - Nobody Knows.mp3
May 01 10:08 : update: added /IU, SUGA - eight(Prod.&Feat. SUGA of BTS).mp3
May 01 10:08 : update: added /NewJeans - Attention.mp3
May 01 10:08 : update: added /(G)I-DLE - HWAA.mp3
May 01 10:08 : update: added /NMIXX - Love Me Like This.mp3
May 01 10:08 : update: added /ILLIT - Lucky Girl Syndrome.mp3
May 01 10:08 : update: added /tripleS - Generation.mp3
May 01 10:08 : update: added /ILLIT - Cherish (My Love).mp3
May 01 10:08 : update: added /aespa - Live My Life.mp3
May 01 10:08 : update: added /(G)I-DLE - TOMBOY.mp3
May 01 10:08 : update: added /aespa - Supernova.mp3
May 01 10:08 : update: added /(G)I-DLE - Wife.mp3
May 01 10:08 : update: added /IU - Holssi.mp3
May 01 10:08 : update: added /IVE - After LIKE.mp3
May 01 10:08 : update: added /LE SSERAFIM - Eve, Psyche & The Bluebeard’s wife.mp3
May 01 10:08 : update: added /NewJeans - Hype Boy.mp3
May 01 10:08 : update: added /(G)I-DLE - Super Lady.mp3
May 01 10:08 : update: added /aespa - Armageddon.mp3
May 01 10:08 : update: added /IU - strawberry moon.mp3
May 01 10:08 : update: added /NewJeans - Super Shy.mp3
May 01 10:08 : update: added /LE SSERAFIM - No Celestial.mp3
May 01 10:08 : update: added /KISS OF LIFE - Midas Touch.mp3
May 01 10:08 : update: added /KISS OF LIFE - Igloo.mp3
May 01 10:08 : update: added /BIBI - KAZINO.mp3
May 01 10:08 : update: added /BIBI - BIBI Vengeance.mp3
May 01 10:08 : update: added /NewJeans - Ditto.mp3
May 01 10:08 : update: added /IVE - ELEVEN.mp3
May 01 10:08 : update: added /XG - GRL GVNG.mp3
May 01 10:08 : update: added /(G)I-DLE - I Want That.mp3
May 01 10:08 : update: added /IVE - 해야 (HEYA).mp3
May 01 10:08 : update: added /NMIXX - DICE.mp3
May 01 10:08 : update: added /IVE - Accendio.mp3
May 01 10:08 : update: added /BABYMONSTER - LIKE THAT.mp3
May 01 10:08 : update: added /KISS OF LIFE - Sugarcoat (NATTY Solo).mp3
May 01 10:08 : update: added /FIFTY FIFTY - Cupid - Twin Ver..mp3
May 01 10:08 : update: added /BLACKPINK - Shut Down.mp3
May 01 10:08 : update: added /KISS OF LIFE - Te Quiero.mp3
May 01 10:08 : update: added /NewJeans - Bubble Gum.mp3
May 01 10:08 : update: added /LISA - Rockstar.mp3
May 01 10:08 : update: added /BABYMONSTER - FOREVER.mp3
May 01 10:08 : update: added /IZONE - FIESTA.mp3
May 01 10:08 : update: added /aespa - Dreams Come True.mp3
May 01 10:08 : update: added /NewJeans - ETA.mp3
May 01 10:08 : update: added /NewJeans - Hurt.mp3
May 01 10:08 : update: added /aespa - Next Level.mp3
May 01 10:08 : update: added /NMIXX - O.O.mp3
May 01 10:08 : update: added /JISOO - FLOWER.mp3
May 01 10:08 : update: added /IU - Blueming.mp3
May 01 10:08 : update: added /ILLIT - Almond Chocolate.mp3
May 01 10:08 : update: added /Agust D, IU - People Pt.2 (feat. IU).mp3
May 01 10:08 : update: added /IVE - Kitsch.mp3
May 01 10:08 : update: added /LE SSERAFIM - Impurities.mp3
May 01 10:08 : update: added /aespa - Savage.mp3
May 01 10:08 : update: added /LE SSERAFIM - Swan Song.mp3
May 01 10:08 : update: added /ILLIT - Tick-Tack.mp3
May 01 10:08 : update: added /LE SSERAFIM - Blue Flame (2023 Ver.).mp3
May 01 10:08 : update: added /KISS OF LIFE - Sticky.mp3
May 01 10:08 : update: added /IU - Shopper.mp3
May 01 10:08 : update: added /aespa - Licorice.mp3
May 01 10:08 : update: added /Red Velvet - Psycho.mp3
May 01 10:08 : update: added /IU - Celebrity.mp3
May 01 10:08 : update: added /NewJeans - How Sweet.mp3
May 01 10:08 : update: added /Stray Kids - Chk Chk Boom.mp3
May 01 10:08 : update: added /LE SSERAFIM - Perfect Night.mp3
May 01 10:08 : update: added /BLACKPINK - How You Like That.mp3
May 01 10:08 : update: added /Red Velvet - Feel My Rhythm.mp3
May 01 10:08 : update: added /LE SSERAFIM - Good Parts (when the quality is bad but I am).mp3
May 01 10:08 : update: added /Jung Kook, Latto - Seven (feat. Latto) (Explicit Ver.).mp3
May 01 10:08 : update: added /IVE - REBEL HEART.mp3
May 01 10:08 : update: added /(G)I-DLE - Klaxon.mp3
May 01 10:08 : update: added /IVE - LOVE DIVE.mp3
May 01 10:08 : update: added /ITZY - CAKE.mp3
May 01 10:08 : update: added /aespa - Whiplash.mp3
May 01 10:08 : update: added /(G)I-DLE - Nxde.mp3
May 01 10:08 : update: added /LE SSERAFIM, Nile Rodgers - UNFORGIVEN (feat. Nile Rodgers).mp3
May 01 10:08 : update: added /aespa - Black Mamba.mp3
May 01 10:08 : update: added /KISS OF LIFE - Bad News.mp3
May 01 10:08 : update: added /KISS OF LIFE - Shhh.mp3
May 01 10:11 : player: played "G-DRAGON - POWER.mp3"
May 01 10:20 : player: played "Red Velvet - Feel My Rhythm.mp3"
May 01 10:23 : player: played "BABYMONSTER - DRIP.mp3"
May 01 10:25 : player: played "(G)I-DLE - Wife.mp3"
May 01 10:27 : player: played "ILLIT - Tick-Tack.mp3"
May 01 10:30 : player: played "aespa - Better Things.mp3"
May 01 10:33 : player: played "KISS OF LIFE - Sticky.mp3"
May 01 10:36 : player: played "KISS OF LIFE - Te Quiero.mp3"
May 01 10:40 : player: played "IU - Shopper.mp3"
May 01 10:43 : player: played "Red Velvet - Feel My Rhythm.mp3"
May 01 10:46 : player: played "IVE - I AM.mp3"
May 01 10:49 : player: played "(G)I-DLE - Queencard.mp3"
May 01 10:52 : player: played "NewJeans - OMG.mp3"
